# JRE version: OpenJDK Runtime Environment Temurin-22.0.1+8 (22.0.1+8) (build 22.0.1+8)
# Java VM: OpenJDK 64-Bit Server VM Temurin-22.0.1+8 (22.0.1+8, mixed mode, emulated-client, tiered, compressed oops, compressed class ptrs, g1 gc, windows-amd64)
GC Precious Log:
 CardTable entry size: 512
 Card Set container configuration: InlinePtr #cards 4 size 8 Array Of Cards #cards 16 size 48 Howl #buckets 8 coarsen threshold 3686 Howl Bitmap #cards 512 size 80 coarsen threshold 460 Card regions per heap region 1 cards per card region 4096
 CPUs: 12 total, 12 available
 Memory: 15747M
 Large Page Support: Disabled
 NUMA Support: Disabled
 Compressed Oops: Enabled (Zero based)
 Heap Region Size: 2M
 Heap Min Capacity: 8M
 Heap Initial Capacity: 248M
 Heap Max Capacity: 3938M
 Pre-touch: Disabled
 Parallel Workers: 10
 Concurrent Workers: 3
 Concurrent Refinement Workers: 10
 Periodic GC: Disabled
Heap:
 garbage-first heap   total reserved 4032512K, committed 92160K, used 62071K [0x0000000709e00000, 0x0000000800000000)
  region size 2048K, 23 young (47104K), 3 survivors (6144K)
 Metaspace       used 43672K, committed 44224K, reserved 1114112K
  class space    used 5655K, committed 5888K, reserved 1048576K
GC Heap History (20 events):
Event: 0.725 GC heap before
{Heap before GC invocations=0 (full 0):
 garbage-first heap   total reserved 4032512K, committed 253952K, used 22528K [0x0000000709e00000, 0x0000000800000000)
  region size 2048K, 12 young (24576K), 0 survivors (0K)
 Metaspace       used 13896K, committed 14144K, reserved 1114112K
  class space    used 1364K, committed 1472K, reserved 1048576K
}
Event: 0.730 GC heap after
{Heap after GC invocations=1 (full 0):
 garbage-first heap   total reserved 4032512K, committed 253952K, used 7406K [0x0000000709e00000, 0x0000000800000000)
  region size 2048K, 2 young (4096K), 2 survivors (4096K)
 Metaspace       used 13896K, committed 14144K, reserved 1114112K
  class space    used 1364K, committed 1472K, reserved 1048576K
}
Event: 0.956 GC heap before
{Heap before GC invocations=1 (full 0):
 garbage-first heap   total reserved 4032512K, committed 253952K, used 34030K [0x0000000709e00000, 0x0000000800000000)
  region size 2048K, 16 young (32768K), 2 survivors (4096K)
 Metaspace       used 17814K, committed 18048K, reserved 1114112K
  class space    used 1803K, committed 1920K, reserved 1048576K
}
Event: 0.960 GC heap after
{Heap after GC invocations=2 (full 0):
 garbage-first heap   total reserved 4032512K, committed 253952K, used 14504K [0x0000000709e00000, 0x0000000800000000)
  region size 2048K, 2 young (4096K), 2 survivors (4096K)
 Metaspace       used 17814K, committed 18048K, reserved 1114112K
  class space    used 1803K, committed 1920K, reserved 1048576K
}
Event: 1.207 GC heap before
{Heap before GC invocations=2 (full 0):
 garbage-first heap   total reserved 4032512K, committed 253952K, used 57512K [0x0000000709e00000, 0x0000000800000000)
  region size 2048K, 25 young (51200K), 2 survivors (4096K)
 Metaspace       used 21214K, committed 21504K, reserved 1114112K
  class space    used 2300K, committed 2432K, reserved 1048576K
}
Event: 1.210 GC heap after
{Heap after GC invocations=3 (full 0):
 garbage-first heap   total reserved 4032512K, committed 253952K, used 15776K [0x0000000709e00000, 0x0000000800000000)
  region size 2048K, 3 young (6144K), 3 survivors (6144K)
 Metaspace       used 21214K, committed 21504K, reserved 1114112K
  class space    used 2300K, committed 2432K, reserved 1048576K
}
Event: 1.390 GC heap before
{Heap before GC invocations=4 (full 0):
 garbage-first heap   total reserved 4032512K, committed 61440K, used 46496K [0x0000000709e00000, 0x0000000800000000)
  region size 2048K, 18 young (36864K), 3 survivors (6144K)
 Metaspace       used 23586K, committed 23936K, reserved 1114112K
  class space    used 2698K, committed 2816K, reserved 1048576K
}
Event: 1.393 GC heap after
{Heap after GC invocations=5 (full 0):
 garbage-first heap   total reserved 4032512K, committed 61440K, used 15381K [0x0000000709e00000, 0x0000000800000000)
  region size 2048K, 2 young (4096K), 2 survivors (4096K)
 Metaspace       used 23586K, committed 23936K, reserved 1114112K
  class space    used 2698K, committed 2816K, reserved 1048576K
}
Event: 1.499 GC heap before
{Heap before GC invocations=5 (full 0):
 garbage-first heap   total reserved 4032512K, committed 61440K, used 42005K [0x0000000709e00000, 0x0000000800000000)
  region size 2048K, 16 young (32768K), 2 survivors (4096K)
 Metaspace       used 26039K, committed 26368K, reserved 1114112K
  class space    used 3074K, committed 3200K, reserved 1048576K
}
Event: 1.502 GC heap after
{Heap after GC invocations=6 (full 0):
 garbage-first heap   total reserved 4032512K, committed 61440K, used 15826K [0x0000000709e00000, 0x0000000800000000)
  region size 2048K, 1 young (2048K), 1 survivors (2048K)
 Metaspace       used 26039K, committed 26368K, reserved 1114112K
  class space    used 3074K, committed 3200K, reserved 1048576K
}
Event: 1.607 GC heap before
{Heap before GC invocations=6 (full 0):
 garbage-first heap   total reserved 4032512K, committed 61440K, used 46546K [0x0000000709e00000, 0x0000000800000000)
  region size 2048K, 17 young (34816K), 1 survivors (2048K)
 Metaspace       used 28960K, committed 29312K, reserved 1114112K
  class space    used 3566K, committed 3712K, reserved 1048576K
}
Event: 1.608 GC heap after
{Heap after GC invocations=7 (full 0):
 garbage-first heap   total reserved 4032512K, committed 157696K, used 16636K [0x0000000709e00000, 0x0000000800000000)
  region size 2048K, 2 young (4096K), 2 survivors (4096K)
 Metaspace       used 28960K, committed 29312K, reserved 1114112K
  class space    used 3566K, committed 3712K, reserved 1048576K
}
Event: 1.953 GC heap before
{Heap before GC invocations=7 (full 0):
 garbage-first heap   total reserved 4032512K, committed 157696K, used 104700K [0x0000000709e00000, 0x0000000800000000)
  region size 2048K, 46 young (94208K), 2 survivors (4096K)
 Metaspace       used 34834K, committed 35200K, reserved 1114112K
  class space    used 4261K, committed 4416K, reserved 1048576K
}
Event: 1.957 GC heap after
{Heap after GC invocations=8 (full 0):
 garbage-first heap   total reserved 4032512K, committed 157696K, used 20163K [0x0000000709e00000, 0x0000000800000000)
  region size 2048K, 3 young (6144K), 3 survivors (6144K)
 Metaspace       used 34834K, committed 35200K, reserved 1114112K
  class space    used 4261K, committed 4416K, reserved 1048576K
}
Event: 2.128 GC heap before
{Heap before GC invocations=8 (full 0):
 garbage-first heap   total reserved 4032512K, committed 157696K, used 46787K [0x0000000709e00000, 0x0000000800000000)
  region size 2048K, 17 young (34816K), 3 survivors (6144K)
 Metaspace       used 35701K, committed 36096K, reserved 1114112K
  class space    used 4398K, committed 4608K, reserved 1048576K
}
Event: 2.132 GC heap after
{Heap after GC invocations=9 (full 0):
 garbage-first heap   total reserved 4032512K, committed 157696K, used 20662K [0x0000000709e00000, 0x0000000800000000)
  region size 2048K, 4 young (8192K), 4 survivors (8192K)
 Metaspace       used 35701K, committed 36096K, reserved 1114112K
  class space    used 4398K, committed 4608K, reserved 1048576K
}
Event: 2.409 GC heap before
{Heap before GC invocations=10 (full 0):
 garbage-first heap   total reserved 4032512K, committed 75776K, used 57526K [0x0000000709e00000, 0x0000000800000000)
  region size 2048K, 22 young (45056K), 4 survivors (8192K)
 Metaspace       used 37407K, committed 37824K, reserved 1114112K
  class space    used 4676K, committed 4864K, reserved 1048576K
}
Event: 2.413 GC heap after
{Heap after GC invocations=11 (full 0):
 garbage-first heap   total reserved 4032512K, committed 75776K, used 22307K [0x0000000709e00000, 0x0000000800000000)
  region size 2048K, 2 young (4096K), 2 survivors (4096K)
 Metaspace       used 37407K, committed 37824K, reserved 1114112K
  class space    used 4676K, committed 4864K, reserved 1048576K
}
Event: 2.762 GC heap before
{Heap before GC invocations=11 (full 0):
 garbage-first heap   total reserved 4032512K, committed 75776K, used 63267K [0x0000000709e00000, 0x0000000800000000)
  region size 2048K, 22 young (45056K), 2 survivors (4096K)
 Metaspace       used 39919K, committed 40448K, reserved 1114112K
  class space    used 5080K, committed 5312K, reserved 1048576K
}
Event: 2.766 GC heap after
{Heap after GC invocations=12 (full 0):
 garbage-first heap   total reserved 4032512K, committed 92160K, used 23159K [0x0000000709e00000, 0x0000000800000000)
  region size 2048K, 3 young (6144K), 3 survivors (6144K)
 Metaspace       used 39919K, committed 40448K, reserved 1114112K
  class space    used 5080K, committed 5312K, reserved 1048576K
}

